2020-07-06 16:01:34,842 [      0]   INFO -        #com.intellij.idea.Main - ------------------------------------------------------ IDE STARTED ------------------------------------------------------ 
2020-07-06 16:01:34,949 [    107]   INFO -        #com.intellij.idea.Main - IDE: IntelliJ IDEA (build #IC-201.7846.76, 01 Jun 2020 11:17) 
2020-07-06 16:01:34,977 [    135]   INFO -        #com.intellij.idea.Main - OS: Windows 10 (10.0, amd64) 
2020-07-06 16:01:34,977 [    135]   INFO -        #com.intellij.idea.Main - JRE: 11.0.7+10-b765.53 (JetBrains s.r.o.) 
2020-07-06 16:01:34,978 [    136]   INFO -        #com.intellij.idea.Main - JVM: 11.0.7+10-b765.53 (OpenJDK 64-Bit Server VM) 
2020-07-06 16:01:34,979 [    137]   INFO -        #com.intellij.idea.Main - JVM Args: exit -Xms128m -Xmx1011m -XX:ReservedCodeCacheSize=240m -XX:+UseConcMarkSweepGC -XX:SoftRefLRUPolicyMSPerMB=50 -ea -XX:CICompilerCount=2 -Dsun.io.useCanonPrefixCache=false -Djava.net.preferIPv4Stack=true -Djdk.http.auth.tunneling.disabledSchemes="" -XX:+HeapDumpOnOutOfMemoryError -XX:-OmitStackTraceInFastThrow -Djdk.attach.allowAttachSelf=true -Dkotlinx.coroutines.debug=off -Djdk.module.illegalAccess.silent=true -Djb.vmOptionsFile=C:\Users\apisi\AppData\Roaming\JetBrains\IdeaIC2020.1\idea64.exe.vmoptions -Djava.library.path=C:\Program Files\JetBrains\IntelliJ IDEA Community Edition 2019.3.2\jbr\\bin;C:\Program Files\JetBrains\IntelliJ IDEA Community Edition 2019.3.2\jbr\\bin\server -Didea.platform.prefix=Idea -Didea.jre.check=true -Dide.native.launcher=true -Didea.paths.selector=IdeaIC2020.1 -XX:ErrorFile=C:\Users\apisi\java_error_in_idea_%p.log -XX:HeapDumpPath=C:\Users\apisi\java_error_in_idea.hprof 
2020-07-06 16:01:34,979 [    137]   INFO -        #com.intellij.idea.Main - Locale=en_US JNU=Cp1252 file.encoding=Cp1252 
2020-07-06 16:01:35,213 [    371]   INFO - ntellij.idea.ApplicationLoader - CPU cores: 4; ForkJoinPool.commonPool: java.util.concurrent.ForkJoinPool@69d4e83[Running, parallelism = 3, size = 0, active = 0, running = 0, steals = 0, tasks = 0, submissions = 0]; factory: com.intellij.concurrency.IdeaForkJoinWorkerThreadFactory@a8e9721 
2020-07-06 16:01:36,069 [   1227]   INFO -        #com.intellij.idea.Main - JNA library (64-bit) loaded in 1192 ms 
2020-07-06 16:01:36,076 [   1234]   INFO - penapi.util.io.win32.IdeaWin32 - Native filesystem for Windows is operational 
2020-07-06 16:01:36,573 [   1731]   INFO - llij.ide.plugins.PluginManager - Plugin org.intellij.groovy misses optional descriptor duplicates-groovy.xml 
2020-07-06 16:01:36,574 [   1732]   INFO - llij.ide.plugins.PluginManager - Plugin org.intellij.groovy misses optional descriptor duplicates-detection-groovy.xml 
2020-07-06 16:01:36,843 [   2001]   INFO - llij.ide.plugins.PluginManager - Plugin com.intellij.java misses optional descriptor profiler-java.xml 
2020-07-06 16:01:37,006 [   2164]   INFO - llij.ide.plugins.PluginManager - Loaded bundled plugins: IDEA CORE (201.7846.76), com.intellij.platform.images (201.7846.76), JetBrains Repository Search (201.7846.76), Subversion (201.7846.76), XPathView + XSLT (201.7846.76), XSLT Debugger (201.7846.76), Configuration Script (201.7846.76), Copyright (201.7846.76), Java (201.7846.76), Bytecode Viewer (201.7846.76), Git (201.7846.76), ChangeReminder (201.7846.76), Next File Prediction (201.7846.76), JUnit (201.7846.76), Task Management (201.7846.76), GitHub (201.7846.76), IntelliLang (201.7846.76), TestNG (201.7846.76), Code Coverage for Java (201.7846.76), Markdown (201.7846.76), Java IDE Customization (201.7846.76), Java Stream Debugger (201.7846.76), Eclipse Interoperability (201.7846.76), Java Bytecode Decompiler (201.7846.76), Gradle (201.7846.76), Windows 10 Light Theme (201.7846.76), Properties (201.7846.76), Ant (201.7846.76), Groovy (201.7846.76), Maven (201.7846.76), Gradle-Java (201.7846.76), Gradle-Maven (201.7846.76), Java Internationalization (201.7846.76), UI Designer (201.7846.76), Plugin DevKit (201.7846.76), JavaFX (201.7846.76), Resource Bundle Editor (201.7846.76), Machine Learning Code Completion (201.7846.76), Mercurial (201.7846.76), EditorConfig (201.7846.76), Terminal (201.7846.76), Shell Script (201.7846.76), TextMate bundles (201.7846.76), YAML (201.7846.76), Grazie (201.7846.76), Settings Repository (201.7846.76) 
2020-07-06 16:01:37,006 [   2164]   INFO - llij.ide.plugins.PluginManager - Loaded custom plugins: SonarLint (4.8.0.18115), Kotlin (1.3.72-release-IJ2020.1-5), JSON To Kotlin Class (JsonToKotlinClass) (3.6.1) 
2020-07-06 16:01:37,452 [   2610]   INFO - ellij.util.io.PagedFileStorage - lower=100; upper=500; buffer=10; max=958 
2020-07-06 16:01:37,464 [   2622]   INFO - tellij.util.io.FileChannelUtil - un-interruptible FileChannel-s will be used for indexes 
2020-07-06 16:01:37,840 [   2998]   WARN - Container.ComponentManagerImpl - Do not use constructor injection (requestorClass=org.sonarlint.intellij.core.SonarLintEngineManager) 
2020-07-06 16:01:37,841 [   2999]   WARN - Container.ComponentManagerImpl - Do not use constructor injection (requestorClass=org.sonarlint.intellij.core.SonarLintEngineFactory) 
2020-07-06 16:01:37,844 [   3002]   WARN - Container.ComponentManagerImpl - Do not use constructor injection (requestorClass=org.sonarlint.intellij.util.SonarLintActions) 
2020-07-06 16:01:37,871 [   3029]  ERROR - tellij.diagnostic.LoadingState - Should be called at least in the state COMPONENTS_LOADED, the current state is: CONFIGURATION_STORE_INITIALIZED
Current violators count: 1

 
java.lang.Throwable
	at com.intellij.diagnostic.LoadingState.logStateError(LoadingState.java:56)
	at com.intellij.diagnostic.LoadingState.checkOccurred(LoadingState.java:52)
	at com.intellij.openapi.actionSystem.impl.ActionManagerImpl.<init>(ActionManagerImpl.java:149)
	at java.base/jdk.internal.reflect.NativeConstructorAccessorImpl.newInstance0(Native Method)
	at java.base/jdk.internal.reflect.NativeConstructorAccessorImpl.newInstance(NativeConstructorAccessorImpl.java:62)
	at java.base/jdk.internal.reflect.DelegatingConstructorAccessorImpl.newInstance(DelegatingConstructorAccessorImpl.java:45)
	at java.base/java.lang.reflect.Constructor.newInstance(Constructor.java:490)
	at com.intellij.serviceContainer.ConstructorInjectionKt.instantiateUsingPicoContainer(constructorInjection.kt:48)
	at com.intellij.serviceContainer.ComponentManagerImpl.instantiateClassWithConstructorInjection(ComponentManagerImpl.kt:660)
	at com.intellij.serviceContainer.ServiceComponentAdapter.createAndInitialize(ServiceComponentAdapter.kt:54)
	at com.intellij.serviceContainer.ServiceComponentAdapter.access$createAndInitialize(ServiceComponentAdapter.kt:15)
	at com.intellij.serviceContainer.ServiceComponentAdapter$doCreateInstance$$inlined$use$lambda$1.run(ServiceComponentAdapter.kt:47)
	at com.intellij.openapi.progress.impl.CoreProgressManager.registerIndicatorAndRun(CoreProgressManager.java:627)
	at com.intellij.openapi.progress.impl.CoreProgressManager.executeProcessUnderProgress(CoreProgressManager.java:572)
	at com.intellij.openapi.progress.impl.ProgressManagerImpl.executeProcessUnderProgress(ProgressManagerImpl.java:61)
	at com.intellij.openapi.progress.impl.CoreProgressManager.executeNonCancelableSection(CoreProgressManager.java:188)
	at com.intellij.serviceContainer.ServiceComponentAdapter.doCreateInstance(ServiceComponentAdapter.kt:46)
	at com.intellij.serviceContainer.BaseComponentAdapter.getInstanceUncached(BaseComponentAdapter.kt:115)
	at com.intellij.serviceContainer.BaseComponentAdapter.getInstance(BaseComponentAdapter.kt:69)
	at com.intellij.serviceContainer.BaseComponentAdapter.getInstance$default(BaseComponentAdapter.kt:62)
	at com.intellij.serviceContainer.ConstructorParameterResolver.resolveInstance(ConstructorParameterResolver.kt:64)
	at com.intellij.serviceContainer.ConstructorInjectionKt.instantiateUsingPicoContainer(constructorInjection.kt:61)
	at com.intellij.serviceContainer.ComponentManagerImpl.instantiateClassWithConstructorInjection(ComponentManagerImpl.kt:660)
	at com.intellij.serviceContainer.MyComponentAdapter.doCreateInstance(MyComponentAdapter.kt:35)
	at com.intellij.serviceContainer.BaseComponentAdapter.getInstanceUncached(BaseComponentAdapter.kt:115)
	at com.intellij.serviceContainer.BaseComponentAdapter.getInstance(BaseComponentAdapter.kt:69)
	at com.intellij.serviceContainer.BaseComponentAdapter.getInstance$default(BaseComponentAdapter.kt:62)
	at com.intellij.serviceContainer.ComponentManagerImpl.createComponents(ComponentManagerImpl.kt:261)
	at com.intellij.openapi.application.impl.ApplicationImpl.lambda$loadComponents$5(ApplicationImpl.java:334)
	at com.intellij.openapi.progress.impl.CoreProgressManager.lambda$runProcess$2(CoreProgressManager.java:166)
	at com.intellij.openapi.progress.impl.CoreProgressManager.registerIndicatorAndRun(CoreProgressManager.java:627)
	at com.intellij.openapi.progress.impl.CoreProgressManager.executeProcessUnderProgress(CoreProgressManager.java:572)
	at com.intellij.openapi.progress.impl.ProgressManagerImpl.executeProcessUnderProgress(ProgressManagerImpl.java:61)
	at com.intellij.openapi.progress.impl.CoreProgressManager.runProcess(CoreProgressManager.java:153)
	at com.intellij.openapi.application.impl.ApplicationImpl.loadComponents(ApplicationImpl.java:334)
	at com.intellij.idea.ApplicationLoader$startApp$6$loadComponentInEdtFuture$1.run(ApplicationLoader.kt:184)
	at java.base/java.util.concurrent.CompletableFuture$AsyncRun.run(CompletableFuture.java:1736)
	at com.intellij.openapi.application.TransactionGuardImpl$2.run(TransactionGuardImpl.java:201)
	at com.intellij.openapi.application.impl.ApplicationImpl.runIntendedWriteActionOnCurrentThread(ApplicationImpl.java:831)
	at com.intellij.openapi.application.impl.ApplicationImpl.lambda$invokeLater$4(ApplicationImpl.java:310)
	at com.intellij.openapi.application.impl.FlushQueue.doRun(FlushQueue.java:80)
	at com.intellij.openapi.application.impl.FlushQueue.runNextEvent(FlushQueue.java:128)
	at com.intellij.openapi.application.impl.FlushQueue.flushNow(FlushQueue.java:46)
	at com.intellij.openapi.application.impl.FlushQueue$FlushNow.run(FlushQueue.java:184)
	at java.desktop/java.awt.event.InvocationEvent.dispatch(InvocationEvent.java:313)
	at java.desktop/java.awt.EventQueue.dispatchEventImpl(EventQueue.java:776)
	at java.desktop/java.awt.EventQueue$4.run(EventQueue.java:727)
	at java.desktop/java.awt.EventQueue$4.run(EventQueue.java:721)
	at java.base/java.security.AccessController.doPrivileged(Native Method)
	at java.base/java.security.ProtectionDomain$JavaSecurityAccessImpl.doIntersectionPrivilege(ProtectionDomain.java:85)
	at java.desktop/java.awt.EventQueue.dispatchEvent(EventQueue.java:746)
	at com.intellij.ide.IdeEventQueue.dispatchEvent(IdeEventQueue.java:416)
	at java.desktop/java.awt.EventDispatchThread.pumpOneEventForFilters(EventDispatchThread.java:203)
	at java.desktop/java.awt.EventDispatchThread.pumpEventsForFilter(EventDispatchThread.java:124)
	at java.desktop/java.awt.EventDispatchThread.pumpEventsForHierarchy(EventDispatchThread.java:113)
	at java.desktop/java.awt.EventDispatchThread.pumpEvents(EventDispatchThread.java:109)
	at java.desktop/java.awt.EventDispatchThread.pumpEvents(EventDispatchThread.java:101)
	at java.desktop/java.awt.EventDispatchThread.run(EventDispatchThread.java:90)
2020-07-06 16:01:37,876 [   3034]  ERROR - tellij.diagnostic.LoadingState - IntelliJ IDEA 2020.1.2  Build #IC-201.7846.76 
2020-07-06 16:01:37,876 [   3034]  ERROR - tellij.diagnostic.LoadingState - JDK: 11.0.7; VM: OpenJDK 64-Bit Server VM; Vendor: JetBrains s.r.o. 
2020-07-06 16:01:37,877 [   3035]  ERROR - tellij.diagnostic.LoadingState - OS: Windows 10 
2020-07-06 16:01:37,878 [   3036]  ERROR - nSystem.impl.ActionManagerImpl - Assertion failed 
java.lang.Throwable: Assertion failed
	at com.intellij.openapi.diagnostic.Logger.assertTrue(Logger.java:182)
	at com.intellij.openapi.diagnostic.Logger.assertTrue(Logger.java:191)
	at com.intellij.openapi.actionSystem.impl.ActionManagerImpl.<init>(ActionManagerImpl.java:152)
	at java.base/jdk.internal.reflect.NativeConstructorAccessorImpl.newInstance0(Native Method)
	at java.base/jdk.internal.reflect.NativeConstructorAccessorImpl.newInstance(NativeConstructorAccessorImpl.java:62)
	at java.base/jdk.internal.reflect.DelegatingConstructorAccessorImpl.newInstance(DelegatingConstructorAccessorImpl.java:45)
	at java.base/java.lang.reflect.Constructor.newInstance(Constructor.java:490)
	at com.intellij.serviceContainer.ConstructorInjectionKt.instantiateUsingPicoContainer(constructorInjection.kt:48)
	at com.intellij.serviceContainer.ComponentManagerImpl.instantiateClassWithConstructorInjection(ComponentManagerImpl.kt:660)
	at com.intellij.serviceContainer.ServiceComponentAdapter.createAndInitialize(ServiceComponentAdapter.kt:54)
	at com.intellij.serviceContainer.ServiceComponentAdapter.access$createAndInitialize(ServiceComponentAdapter.kt:15)
	at com.intellij.serviceContainer.ServiceComponentAdapter$doCreateInstance$$inlined$use$lambda$1.run(ServiceComponentAdapter.kt:47)
	at com.intellij.openapi.progress.impl.CoreProgressManager.registerIndicatorAndRun(CoreProgressManager.java:627)
	at com.intellij.openapi.progress.impl.CoreProgressManager.executeProcessUnderProgress(CoreProgressManager.java:572)
	at com.intellij.openapi.progress.impl.ProgressManagerImpl.executeProcessUnderProgress(ProgressManagerImpl.java:61)
	at com.intellij.openapi.progress.impl.CoreProgressManager.executeNonCancelableSection(CoreProgressManager.java:188)
	at com.intellij.serviceContainer.ServiceComponentAdapter.doCreateInstance(ServiceComponentAdapter.kt:46)
	at com.intellij.serviceContainer.BaseComponentAdapter.getInstanceUncached(BaseComponentAdapter.kt:115)
	at com.intellij.serviceContainer.BaseComponentAdapter.getInstance(BaseComponentAdapter.kt:69)
	at com.intellij.serviceContainer.BaseComponentAdapter.getInstance$default(BaseComponentAdapter.kt:62)
	at com.intellij.serviceContainer.ConstructorParameterResolver.resolveInstance(ConstructorParameterResolver.kt:64)
	at com.intellij.serviceContainer.ConstructorInjectionKt.instantiateUsingPicoContainer(constructorInjection.kt:61)
	at com.intellij.serviceContainer.ComponentManagerImpl.instantiateClassWithConstructorInjection(ComponentManagerImpl.kt:660)
	at com.intellij.serviceContainer.MyComponentAdapter.doCreateInstance(MyComponentAdapter.kt:35)
	at com.intellij.serviceContainer.BaseComponentAdapter.getInstanceUncached(BaseComponentAdapter.kt:115)
	at com.intellij.serviceContainer.BaseComponentAdapter.getInstance(BaseComponentAdapter.kt:69)
	at com.intellij.serviceContainer.BaseComponentAdapter.getInstance$default(BaseComponentAdapter.kt:62)
	at com.intellij.serviceContainer.ComponentManagerImpl.createComponents(ComponentManagerImpl.kt:261)
	at com.intellij.openapi.application.impl.ApplicationImpl.lambda$loadComponents$5(ApplicationImpl.java:334)
	at com.intellij.openapi.progress.impl.CoreProgressManager.lambda$runProcess$2(CoreProgressManager.java:166)
	at com.intellij.openapi.progress.impl.CoreProgressManager.registerIndicatorAndRun(CoreProgressManager.java:627)
	at com.intellij.openapi.progress.impl.CoreProgressManager.executeProcessUnderProgress(CoreProgressManager.java:572)
	at com.intellij.openapi.progress.impl.ProgressManagerImpl.executeProcessUnderProgress(ProgressManagerImpl.java:61)
	at com.intellij.openapi.progress.impl.CoreProgressManager.runProcess(CoreProgressManager.java:153)
	at com.intellij.openapi.application.impl.ApplicationImpl.loadComponents(ApplicationImpl.java:334)
	at com.intellij.idea.ApplicationLoader$startApp$6$loadComponentInEdtFuture$1.run(ApplicationLoader.kt:184)
	at java.base/java.util.concurrent.CompletableFuture$AsyncRun.run(CompletableFuture.java:1736)
	at com.intellij.openapi.application.TransactionGuardImpl$2.run(TransactionGuardImpl.java:201)
	at com.intellij.openapi.application.impl.ApplicationImpl.runIntendedWriteActionOnCurrentThread(ApplicationImpl.java:831)
	at com.intellij.openapi.application.impl.ApplicationImpl.lambda$invokeLater$4(ApplicationImpl.java:310)
	at com.intellij.openapi.application.impl.FlushQueue.doRun(FlushQueue.java:80)
	at com.intellij.openapi.application.impl.FlushQueue.runNextEvent(FlushQueue.java:128)
	at com.intellij.openapi.application.impl.FlushQueue.flushNow(FlushQueue.java:46)
	at com.intellij.openapi.application.impl.FlushQueue$FlushNow.run(FlushQueue.java:184)
	at java.desktop/java.awt.event.InvocationEvent.dispatch(InvocationEvent.java:313)
	at java.desktop/java.awt.EventQueue.dispatchEventImpl(EventQueue.java:776)
	at java.desktop/java.awt.EventQueue$4.run(EventQueue.java:727)
	at java.desktop/java.awt.EventQueue$4.run(EventQueue.java:721)
	at java.base/java.security.AccessController.doPrivileged(Native Method)
	at java.base/java.security.ProtectionDomain$JavaSecurityAccessImpl.doIntersectionPrivilege(ProtectionDomain.java:85)
	at java.desktop/java.awt.EventQueue.dispatchEvent(EventQueue.java:746)
	at com.intellij.ide.IdeEventQueue.dispatchEvent(IdeEventQueue.java:416)
	at java.desktop/java.awt.EventDispatchThread.pumpOneEventForFilters(EventDispatchThread.java:203)
	at java.desktop/java.awt.EventDispatchThread.pumpEventsForFilter(EventDispatchThread.java:124)
	at java.desktop/java.awt.EventDispatchThread.pumpEventsForHierarchy(EventDispatchThread.java:113)
	at java.desktop/java.awt.EventDispatchThread.pumpEvents(EventDispatchThread.java:109)
	at java.desktop/java.awt.EventDispatchThread.pumpEvents(EventDispatchThread.java:101)
	at java.desktop/java.awt.EventDispatchThread.run(EventDispatchThread.java:90)
2020-07-06 16:01:37,879 [   3037]  ERROR - nSystem.impl.ActionManagerImpl - IntelliJ IDEA 2020.1.2  Build #IC-201.7846.76 
2020-07-06 16:01:37,879 [   3037]  ERROR - nSystem.impl.ActionManagerImpl - JDK: 11.0.7; VM: OpenJDK 64-Bit Server VM; Vendor: JetBrains s.r.o. 
2020-07-06 16:01:37,879 [   3037]  ERROR - nSystem.impl.ActionManagerImpl - OS: Windows 10 
2020-07-06 16:01:38,127 [   3285]   INFO - til.net.ssl.CertificateManager - Default SSL context initialized 
2020-07-06 16:01:38,349 [   3507]   INFO - rains.ide.BuiltInServerManager - built-in server started, port 63342 
2020-07-06 16:01:38,380 [   3538]   INFO - com.intellij.ide.ui.UISettings - Loaded: fontSize=13, fontScale=1.0; restored: fontSize=13, fontScale=1.0 
2020-07-06 16:01:38,861 [   4019]   WARN - Container.ComponentManagerImpl - Do not use constructor injection (requestorClass=org.sonarlint.intellij.telemetry.SonarLintTelemetryImpl) 
2020-07-06 16:01:38,861 [   4019]   WARN - Container.ComponentManagerImpl - Do not use constructor injection (requestorClass=org.sonarlint.intellij.telemetry.TelemetryManagerProvider) 
2020-07-06 16:01:39,098 [   4256]   INFO - gs.impl.UpdateCheckerComponent - channel: release 
2020-07-06 16:01:39,582 [   4740]   INFO - leBasedIndexDataInitialization - Initialization done: 1183 
2020-07-06 16:01:40,075 [   5233]   INFO - exImpl$StubIndexInitialization - Initialization done: 492 
2020-07-06 16:01:41,678 [   6836]   INFO - BridgeProjectLifecycleListener - Using legacy project model to open project 
2020-07-06 16:01:41,796 [   6954]   INFO - pl.local.NativeFileWatcherImpl - Starting file watcher: C:\Program Files\JetBrains\IntelliJ IDEA Community Edition 2019.3.2\bin\fsnotifier64.exe 
2020-07-06 16:01:41,923 [   7081]   INFO - pl.local.NativeFileWatcherImpl - Native file watcher is operational. 
2020-07-06 16:01:42,161 [   7319]   INFO - rojectCodeStyleSettingsManager - Initialized from default code style settings. 
2020-07-06 16:01:42,300 [   7458]   INFO - pl.projectlevelman.NewMappings - VCS Root: [Git] - [<Project>] 
2020-07-06 16:01:42,306 [   7464]   INFO - CompilerWorkspaceConfiguration - Available processors: 4 
2020-07-06 16:01:42,474 [   7632]   WARN - Container.ComponentManagerImpl - Do not use constructor injection (requestorClass=org.sonarlint.intellij.core.SonarQubeEventNotifications) 
2020-07-06 16:01:42,475 [   7633]   WARN - Container.ComponentManagerImpl - Do not use constructor injection (requestorClass=org.sonarlint.intellij.core.ProjectBindingManager) 
2020-07-06 16:01:42,544 [   7702]   WARN - Container.ComponentManagerImpl - Do not use constructor injection (requestorClass=org.sonarlint.intellij.trigger.SonarLintSubmitter) 
2020-07-06 16:01:42,544 [   7702]   WARN - Container.ComponentManagerImpl - Do not use constructor injection (requestorClass=org.sonarlint.intellij.analysis.SonarLintJobManager) 
2020-07-06 16:01:42,545 [   7703]   WARN - Container.ComponentManagerImpl - Do not use constructor injection (requestorClass=org.sonarlint.intellij.analysis.SonarLintTaskFactory) 
2020-07-06 16:01:42,546 [   7704]   WARN - Container.ComponentManagerImpl - Do not use constructor injection (requestorClass=org.sonarlint.intellij.issue.IssueProcessor) 
2020-07-06 16:01:42,547 [   7705]   WARN - Container.ComponentManagerImpl - Do not use constructor injection (requestorClass=org.sonarlint.intellij.issue.IssueMatcher) 
2020-07-06 16:01:42,547 [   7705]   WARN - Container.ComponentManagerImpl - Do not use constructor injection (requestorClass=org.sonarlint.intellij.issue.IssueManager) 
2020-07-06 16:01:42,547 [   7705]   WARN - Container.ComponentManagerImpl - Do not use constructor injection (requestorClass=org.sonarlint.intellij.issue.persistence.LiveIssueCache) 
2020-07-06 16:01:42,651 [   7809]   WARN - Container.ComponentManagerImpl - Do not use constructor injection (requestorClass=org.sonarlint.intellij.core.ServerIssueUpdater) 
2020-07-06 16:01:42,653 [   7811]   WARN - Container.ComponentManagerImpl - Do not use constructor injection (requestorClass=org.sonarlint.intellij.analysis.LocalFileExclusions) 
2020-07-06 16:01:42,657 [   7815]   WARN - Container.ComponentManagerImpl - Do not use constructor injection (requestorClass=org.sonarlint.intellij.editor.CodeAnalyzerRestarter) 
2020-07-06 16:01:42,658 [   7816]   WARN - Container.ComponentManagerImpl - Do not use constructor injection (requestorClass=org.sonarlint.intellij.trigger.EditorOpenTrigger) 
2020-07-06 16:01:42,659 [   7817]   WARN - Container.ComponentManagerImpl - Do not use constructor injection (requestorClass=org.sonarlint.intellij.trigger.EditorChangeTrigger) 
2020-07-06 16:01:42,662 [   7820]   WARN - Container.ComponentManagerImpl - Do not use constructor injection (requestorClass=org.sonarlint.intellij.analysis.SonarLintAnalyzer) 
2020-07-06 16:01:42,670 [   7828]   WARN - Container.ComponentManagerImpl - Do not use constructor injection (requestorClass=org.sonarlint.intellij.core.UpdateChecker) 
2020-07-06 16:01:42,671 [   7829]   WARN - Container.ComponentManagerImpl - Do not use constructor injection (requestorClass=org.sonarlint.intellij.trigger.MakeTrigger) 
2020-07-06 16:01:42,929 [   8087]   WARN - Container.ComponentManagerImpl - Do not use constructor injection (requestorClass=org.sonarlint.intellij.core.ModuleBindingManager) 
2020-07-06 16:01:43,712 [   8870]   WARN - Container.ComponentManagerImpl - Do not use constructor injection (requestorClass=org.sonarlint.intellij.core.ModuleBindingManager) 
2020-07-06 16:01:43,712 [   8870]   WARN - Container.ComponentManagerImpl - Do not use constructor injection (requestorClass=org.sonarlint.intellij.core.ModuleBindingManager) 
2020-07-06 16:01:44,234 [   9392]   INFO - j.ide.script.IdeStartupScripts - 0 startup script(s) found 
2020-07-06 16:01:45,855 [  11013]   WARN - com.intellij.util.xmlb.Binding - no accessors for class org.jetbrains.kotlin.idea.highlighter.KotlinDefaultHighlightingSettingsProvider 
2020-07-06 16:01:46,134 [  11292]   INFO - penapi.application.Experiments - Experimental features enabled for user: wsl.p9.support, wsl.p9.show.roots.in.file.chooser, inline.browse.button, linux.native.menu, recent.and.edited.files.together, show.create.new.element.in.popup, copy.reference.popup, new.large.text.file.viewer, property.value.inplace.editing, terminal.shell.command.handling 
2020-07-06 16:01:46,882 [  12040]   INFO - ge.ExternalProjectsDataStorage - Load external projects data in 646 millis (read time: 629) 
2020-07-06 16:01:46,936 [  12094]   WARN - openapi.wm.impl.ToolWindowImpl - ToolWindow icons should be 13x13. Please fix ToolWindow (ID:  Problems View) or icon jar:file:/C:/Program%20Files/JetBrains/IntelliJ%20IDEA%20Community%20Edition%202019.3.2/lib/icons.jar!/general/warning.svg 
2020-07-06 16:01:47,035 [  12193]   INFO -  #git4idea.commands.GitHandler - [.] git version 
2020-07-06 16:01:47,067 [  12225]   INFO - pl.projectlevelman.NewMappings - Mapped Roots: 1 
2020-07-06 16:01:47,157 [  12315]   INFO -           JSON To Kotlin Class - init JSON To Kotlin Class version ==3.6.1 
2020-07-06 16:01:47,171 [  12329]   INFO - ProjectRootPostStartUpActivity - C:/Users/apisi/IdeaProjects/API-SpringBoot-Template/.idea case-sensitivity: expected=false actual=false 
2020-07-06 16:01:47,187 [  12345]   INFO -           JSON To Kotlin Class - Cache directory is: C:\Users\apisi 
2020-07-06 16:01:47,275 [  12433]   INFO - .diagnostic.PerformanceWatcher - Post-startup activities under progress took 1236ms; general responsiveness: ok; EDT responsiveness: 0/1 sluggish, 1/1 very slow 
2020-07-06 16:01:47,650 [  12808]   INFO -  #git4idea.commands.GitHandler - git version 2.25.0.windows.1 
2020-07-06 16:01:47,791 [  12949]   INFO - .diagnostic.PerformanceWatcher - Pushing properties took 2911ms; general responsiveness: ok; EDT responsiveness: 1/3 sluggish, 1/3 very slow 
2020-07-06 16:01:47,944 [  13102]   INFO - ea.config.GitExecutableManager - Git version for C:\Program Files\Git\cmd\git.exe : 2.25.0 
2020-07-06 16:01:48,820 [  13978]   INFO - tor.impl.FileEditorManagerImpl - Project opening took 7370 ms 
2020-07-06 16:01:49,264 [  14422]   INFO - s.plugins.gradle.GradleManager - Instructing gradle to use java from C:/Program Files/Java/jdk1.8.0_241 
2020-07-06 16:01:49,312 [  14470]   INFO - s.plugins.gradle.GradleManager - Instructing gradle to use java from C:/Program Files/Java/jdk1.8.0_241 
2020-07-06 16:01:51,275 [  16433]   INFO - ration.services.NativeServices - Initialized native services in: C:\Users\apisi\.gradle\native 
2020-07-06 16:01:51,290 [  16448]   INFO - xecution.GradleExecutionHelper - Passing command-line args to Gradle Tooling API: -Didea.sync.active=true -Didea.resolveSourceSetDependencies=true -Porg.gradle.kotlin.dsl.provider.cid=617377701347200 -Pkotlin.include.android.dependencies=true --init-script C:\Users\apisi\AppData\Local\Temp\ijinit.gradle 
2020-07-06 16:01:55,586 [  20744]   INFO - rationStore.ComponentStoreImpl - Saving Module: 'API-SpringBoot-Template.main'ExternalFacetManager took 17 ms 
2020-07-06 16:01:55,599 [  20757]   INFO - rationStore.ComponentStoreImpl - Saving Module: 'API-SpringBoot-Template.test'ExternalFacetManager took 13 ms 
